2020-06-20 3:06:31 PM :: Function ProNameComp Started.
2020-06-20 3:06:32 PM :: Occurance of 'PRO' found at : 26. Needs further verification.
2020-06-20 3:06:32 PM :: Occurance of 'PRO' found at : 26 is NOT single word. Check for 'processor'.
2020-06-20 3:06:32 PM :: Occurance of 'PRO' found at : 26 is part of PROCESSOR.Discard and check in remaining string.
2020-06-20 3:06:32 PM :: Updated processor name : AMD Ryzen 7 3800X 8-Core               
2020-06-20 3:06:32 PM :: Occurance of 'PRO' NOT found.Proceed with installation.
2020-06-20 3:06:32 PM :: Installation can CONTINUE. Processor : AMD Ryzen 7 3800X 8-Core                Manufacturer : Gigabyte Technology Co., Ltd.
2020-06-20 3:06:32 PM :: Hence disallow installation of AMDDynamicLocalModeService.
2020-06-20 3:06:32 PM :: Function ProNameComp Ended.
2020-06-20 3:06:33 PM :: Function TaskSchdlr - Querying
2020-06-20 3:06:33 PM :: Function TaskSchdlr - Querying
2020-06-20 3:06:33 PM :: Function TaskSchdlr - Querying
2020-06-20 3:06:33 PM :: Function TaskSchdlr - Querying
2020-06-20 3:06:33 PM :: Function TaskSchdlr - Querying
2020-06-20 3:06:33 PM :: Function TaskSchdlr - TASK NOT FOUND : CREATIN
2020-06-20 3:06:33 PM :: Function TaskSchdlr - Updated AMDAutoUpdate
2020-06-20 3:06:33 PM :: Function TaskSchdlrEdit - Querying
2020-06-20 3:06:33 PM :: Function TaskSchdlrEdit - Querying
2020-06-20 3:06:33 PM :: Function TaskSchdlrEdit - Querying
2020-06-20 3:06:33 PM :: Function TaskSchdlrEdit - Querying
2020-06-20 3:06:33 PM :: Function TaskSchdlrEdit - Querying
2020-06-20 3:06:35 PM :: Function ReadRegistryKey started.
2020-06-20 3:06:35 PM :: Function ReadRegistryKey KeyValue is  NOEXECUTE=OPTIN
2020-06-20 3:06:35 PM :: Function ReadRegistryKey Ended.
2020-06-20 3:06:35 PM :: NUMPROC value from reg read  :  NOEXECUTE=OPTIN
2020-06-20 3:06:35 PM :: RunBcdedit : LCM is read to be in OFF state.Directly install the update.
2020-06-20 3:06:36 PM :: PiR_Install value updated : 256
2020-06-20 3:06:36 PM :: SR_Install value updated : 256
2020-06-20 3:06:36 PM :: Setup.exe - 5.12 cached as platform is not PCO or PiR.But Mattisse
2020-06-20 3:06:36 PM :: QML Source: C:\AMD\RyzenMasterExtract\MSIFiles\Qt_Dependancies\..\Qt_Dependancies\Setup.exe
2020-06-20 3:06:36 PM :: Destination: C:\Program Files\AMD\RyzenMaster\bin\
2020-06-20 3:06:36 PM :: Function Delete_QTExtraction. Remove RyzenMasterExtract folder completed.
